<?xml version="1.0" encoding="UTF-8"?>
<testng-results skipped="0" failed="1" total="1" passed="0">
  <reporter-output>
  </reporter-output>
  <suite name="Default suite" duration-ms="15800" started-at="2018-05-29T10:02:58Z" finished-at="2018-05-29T10:03:14Z">
    <groups>
    </groups>
    <test name="Default test" duration-ms="15800" started-at="2018-05-29T10:02:58Z" finished-at="2018-05-29T10:03:14Z">
      <class name="com.ashnav.pipeline.orderstate.ExecuteQuery">
        <test-method status="FAIL" signature="executeOnAllEvironments()[pri:0, instance:com.ashnav.pipeline.orderstate.ExecuteQuery@158da8e]" name="executeOnAllEvironments" duration-ms="15785" started-at="2018-05-29T15:32:58Z" finished-at="2018-05-29T15:33:14Z">
          <exception class="java.lang.AssertionError">
            <message>
              <![CDATA[Query is NOT executed on all environments. Refer logs to know more]]>
            </message>
            <full-stacktrace>
              <![CDATA[java.lang.AssertionError: Query is NOT executed on all environments. Refer logs to know more
	at org.junit.Assert.fail(Assert.java:93)
	at org.junit.Assert.assertTrue(Assert.java:43)
	at com.ashnav.pipeline.orderstate.ExecuteQuery.executeOnAllEvironments(ExecuteQuery.java:105)
	at sun.reflect.NativeMethodAccessorImpl.invoke0(Native Method)
	at sun.reflect.NativeMethodAccessorImpl.invoke(NativeMethodAccessorImpl.java:62)
	at sun.reflect.DelegatingMethodAccessorImpl.invoke(DelegatingMethodAccessorImpl.java:43)
	at java.lang.reflect.Method.invoke(Method.java:498)
	at org.testng.internal.MethodInvocationHelper.invokeMethod(MethodInvocationHelper.java:80)
	at org.testng.internal.Invoker.invokeMethod(Invoker.java:714)
	at org.testng.internal.Invoker.invokeTestMethod(Invoker.java:901)
	at org.testng.internal.Invoker.invokeTestMethods(Invoker.java:1231)
	at org.testng.internal.TestMethodWorker.invokeTestMethods(TestMethodWorker.java:127)
	at org.testng.internal.TestMethodWorker.run(TestMethodWorker.java:111)
	at org.testng.TestRunner.privateRun(TestRunner.java:767)
	at org.testng.TestRunner.run(TestRunner.java:617)
	at org.testng.SuiteRunner.runTest(SuiteRunner.java:334)
	at org.testng.SuiteRunner.runSequentially(SuiteRunner.java:329)
	at org.testng.SuiteRunner.privateRun(SuiteRunner.java:291)
	at org.testng.SuiteRunner.run(SuiteRunner.java:240)
	at org.testng.SuiteRunnerWorker.runSuite(SuiteRunnerWorker.java:52)
	at org.testng.SuiteRunnerWorker.run(SuiteRunnerWorker.java:86)
	at org.testng.TestNG.runSuitesSequentially(TestNG.java:1198)
	at org.testng.TestNG.runSuitesLocally(TestNG.java:1123)
	at org.testng.TestNG.run(TestNG.java:1031)
	at org.testng.remote.AbstractRemoteTestNG.run(AbstractRemoteTestNG.java:132)
	at org.testng.remote.RemoteTestNG.initAndRun(RemoteTestNG.java:230)
	at org.testng.remote.RemoteTestNG.main(RemoteTestNG.java:76)
]]>
            </full-stacktrace>
          </exception> <!-- java.lang.AssertionError -->
          <reporter-output>
          </reporter-output>
        </test-method> <!-- executeOnAllEvironments -->
      </class> <!-- com.ashnav.pipeline.orderstate.ExecuteQuery -->
    </test> <!-- Default test -->
  </suite> <!-- Default suite -->
</testng-results>
