<html>
<head>
<title>TestNG:  RUN_SQL_ON_ENVIRONMENT</title>
<link href="../testng.css" rel="stylesheet" type="text/css" />
<link href="../my-testng.css" rel="stylesheet" type="text/css" />

<style type="text/css">
.log { display: none;} 
.stack-trace { display: none;} 
</style>
<script type="text/javascript">
<!--
function flip(e) {
  current = e.style.display;
  if (current == 'block') {
    e.style.display = 'none';
    return 0;
  }
  else {
    e.style.display = 'block';
    return 1;
  }
}

function toggleBox(szDivId, elem, msg1, msg2)
{
  var res = -1;  if (document.getElementById) {
    res = flip(document.getElementById(szDivId));
  }
  else if (document.all) {
    // this is the way old msie versions work
    res = flip(document.all[szDivId]);
  }
  if(elem) {
    if(res == 0) elem.innerHTML = msg1; else elem.innerHTML = msg2;
  }

}

function toggleAllBoxes() {
  if (document.getElementsByTagName) {
    d = document.getElementsByTagName('div');
    for (i = 0; i < d.length; i++) {
      if (d[i].className == 'log') {
        flip(d[i]);
      }
    }
  }
}

// -->
</script>

</head>
<body>
<h2 align='center'>RUN_SQL_ON_ENVIRONMENT</h2><table border='1' align="center">
<tr>
<td>Tests passed/Failed/Skipped:</td><td>0/5/0</td>
</tr><tr>
<td>Started on:</td><td>Wed May 30 22:32:34 IST 2018</td>
</tr>
<tr><td>Total time:</td><td>62 seconds (62408 ms)</td>
</tr><tr>
<td>Included groups:</td><td></td>
</tr><tr>
<td>Excluded groups:</td><td></td>
</tr>
</table><p/>
<small><i>(Hover the method name to see the test class name)</i></small><p/>
<table width='100%' border='1' class='invocation-failed'>
<tr><td colspan='4' align='center'><b>FAILED TESTS</b></td></tr>
<tr><td><b>Test method</b></td>
<td width="30%"><b>Exception</b></td>
<td width="10%"><b>Time (seconds)</b></td>
<td><b>Instance</b></td>
</tr>
<tr>
<td title='com.ashnav.pipeline.orderstate.ExecuteQuerywithMultipleThreads.executeQuery()'><b>executeQuery</b><br>Test class: com.ashnav.pipeline.orderstate.ExecuteQuerywithMultipleThreads<br>Parameters: development, TRUE, mysql-$#$#-rw.development.internal, environment, 13.228.213.25, ashnavsaxena, 3316, query.sql, TRUE, EnviRonP%64IojktS#nt, ashnav1309<br/>
<a href="#Output-796567563" onClick='toggleBox("Output-796567563", this, "Show output", "Hide output");'>Show output</a>

<a href="#Output-796567563" onClick="toggleAllBoxes();">Show all outputs</a>
<div class='log' id="Output-796567563">
Query is executed successfully on development?: false<br/>
</div>
</td>
<td><div><pre>java.lang.AssertionError: Query is NOT executed successfully on development expected [true] but found [false]
	at com.ashnav.pipeline.orderstate.ExecuteQuerywithMultipleThreads.executeQuery(ExecuteQuerywithMultipleThreads.java:76)
	at java.util.concurrent.FutureTask.run(FutureTask.java:266)
	at java.util.concurrent.Executors$RunnableAdapter.call(Executors.java:511)
	at java.util.concurrent.FutureTask.run(FutureTask.java:266)
	at java.util.concurrent.ThreadPoolExecutor.runWorker(ThreadPoolExecutor.java:1142)
	at java.util.concurrent.ThreadPoolExecutor$Worker.run(ThreadPoolExecutor.java:617)
	at java.lang.Thread.run(Thread.java:745)
... Removed 12 stack frames</pre></div><a href='#' onClick='toggleBox("stack-trace796567563", this, "Click to show all stack frames", "Click to hide stack frames")'>Click to show all stack frames</a>
<div class='stack-trace' id='stack-trace796567563'><pre>java.lang.AssertionError: Query is NOT executed successfully on development expected [true] but found [false]
	at org.testng.Assert.fail(Assert.java:94)
	at org.testng.Assert.failNotEquals(Assert.java:513)
	at org.testng.Assert.assertTrue(Assert.java:42)
	at com.ashnav.pipeline.orderstate.ExecuteQuerywithMultipleThreads.executeQuery(ExecuteQuerywithMultipleThreads.java:76)
	at sun.reflect.NativeMethodAccessorImpl.invoke0(Native Method)
	at sun.reflect.NativeMethodAccessorImpl.invoke(NativeMethodAccessorImpl.java:62)
	at sun.reflect.DelegatingMethodAccessorImpl.invoke(DelegatingMethodAccessorImpl.java:43)
	at java.lang.reflect.Method.invoke(Method.java:498)
	at org.testng.internal.MethodInvocationHelper.invokeMethod(MethodInvocationHelper.java:104)
	at org.testng.internal.Invoker.invokeMethod(Invoker.java:645)
	at org.testng.internal.Invoker.invokeTestMethod(Invoker.java:851)
	at org.testng.internal.TestMethodWithDataProviderMethodWorker.call(TestMethodWithDataProviderMethodWorker.java:75)
	at org.testng.internal.TestMethodWithDataProviderMethodWorker.call(TestMethodWithDataProviderMethodWorker.java:14)
	at java.util.concurrent.FutureTask.run(FutureTask.java:266)
	at java.util.concurrent.Executors$RunnableAdapter.call(Executors.java:511)
	at java.util.concurrent.FutureTask.run(FutureTask.java:266)
	at java.util.concurrent.ThreadPoolExecutor.runWorker(ThreadPoolExecutor.java:1142)
	at java.util.concurrent.ThreadPoolExecutor$Worker.run(ThreadPoolExecutor.java:617)
	at java.lang.Thread.run(Thread.java:745)
</pre></div></td>
<td>60</td>
<td>com.ashnav.pipeline.orderstate.ExecuteQuerywithMultipleThreads@5af3afd9</td></tr>
<tr>
<td title='com.ashnav.pipeline.orderstate.ExecuteQuerywithMultipleThreads.executeQuery()'><b>executeQuery</b><br>Test class: com.ashnav.pipeline.orderstate.ExecuteQuerywithMultipleThreads<br>Parameters: posqe, TRUE, mysql-$#$#-rw.posqe.internal, environment, 13.228.2.47, ashnavsaxena, 3314, query.sql, TRUE, EnviRonP%64IojktS#nt, ashnav1309<br/>
<a href="#Output-647666100" onClick='toggleBox("Output-647666100", this, "Show output", "Hide output");'>Show output</a>

<a href="#Output-647666100" onClick="toggleAllBoxes();">Show all outputs</a>
<div class='log' id="Output-647666100">
Query is executed successfully on posqe?: false<br/>
</div>
</td>
<td><div><pre>java.lang.AssertionError: Query is NOT executed successfully on posqe expected [true] but found [false]
	at com.ashnav.pipeline.orderstate.ExecuteQuerywithMultipleThreads.executeQuery(ExecuteQuerywithMultipleThreads.java:76)
	at java.util.concurrent.FutureTask.run(FutureTask.java:266)
	at java.util.concurrent.Executors$RunnableAdapter.call(Executors.java:511)
	at java.util.concurrent.FutureTask.run(FutureTask.java:266)
	at java.util.concurrent.ThreadPoolExecutor.runWorker(ThreadPoolExecutor.java:1142)
	at java.util.concurrent.ThreadPoolExecutor$Worker.run(ThreadPoolExecutor.java:617)
	at java.lang.Thread.run(Thread.java:745)
... Removed 12 stack frames</pre></div><a href='#' onClick='toggleBox("stack-trace647666100", this, "Click to show all stack frames", "Click to hide stack frames")'>Click to show all stack frames</a>
<div class='stack-trace' id='stack-trace647666100'><pre>java.lang.AssertionError: Query is NOT executed successfully on posqe expected [true] but found [false]
	at org.testng.Assert.fail(Assert.java:94)
	at org.testng.Assert.failNotEquals(Assert.java:513)
	at org.testng.Assert.assertTrue(Assert.java:42)
	at com.ashnav.pipeline.orderstate.ExecuteQuerywithMultipleThreads.executeQuery(ExecuteQuerywithMultipleThreads.java:76)
	at sun.reflect.NativeMethodAccessorImpl.invoke0(Native Method)
	at sun.reflect.NativeMethodAccessorImpl.invoke(NativeMethodAccessorImpl.java:62)
	at sun.reflect.DelegatingMethodAccessorImpl.invoke(DelegatingMethodAccessorImpl.java:43)
	at java.lang.reflect.Method.invoke(Method.java:498)
	at org.testng.internal.MethodInvocationHelper.invokeMethod(MethodInvocationHelper.java:104)
	at org.testng.internal.Invoker.invokeMethod(Invoker.java:645)
	at org.testng.internal.Invoker.invokeTestMethod(Invoker.java:851)
	at org.testng.internal.TestMethodWithDataProviderMethodWorker.call(TestMethodWithDataProviderMethodWorker.java:75)
	at org.testng.internal.TestMethodWithDataProviderMethodWorker.call(TestMethodWithDataProviderMethodWorker.java:14)
	at java.util.concurrent.FutureTask.run(FutureTask.java:266)
	at java.util.concurrent.Executors$RunnableAdapter.call(Executors.java:511)
	at java.util.concurrent.FutureTask.run(FutureTask.java:266)
	at java.util.concurrent.ThreadPoolExecutor.runWorker(ThreadPoolExecutor.java:1142)
	at java.util.concurrent.ThreadPoolExecutor$Worker.run(ThreadPoolExecutor.java:617)
	at java.lang.Thread.run(Thread.java:745)
</pre></div></td>
<td>60</td>
<td>com.ashnav.pipeline.orderstate.ExecuteQuerywithMultipleThreads@5af3afd9</td></tr>
<tr>
<td title='com.ashnav.pipeline.orderstate.ExecuteQuerywithMultipleThreads.executeQuery()'><b>executeQuery</b><br>Test class: com.ashnav.pipeline.orderstate.ExecuteQuerywithMultipleThreads<br>Parameters: upgradedevqe, TRUE, mysql-$#$#-rw.upgradedevqe.internal, environment, 52.74.17.133, ashnavsaxena, 3315, query.sql, TRUE, EnviRonP%64IojktS#nt, ashnav1309<br/>
<a href="#Output-1623255704" onClick='toggleBox("Output-1623255704", this, "Show output", "Hide output");'>Show output</a>

<a href="#Output-1623255704" onClick="toggleAllBoxes();">Show all outputs</a>
<div class='log' id="Output-1623255704">
Query is executed successfully on upgradedevqe?: false<br/>
</div>
</td>
<td><div><pre>java.lang.AssertionError: Query is NOT executed successfully on upgradedevqe expected [true] but found [false]
	at com.ashnav.pipeline.orderstate.ExecuteQuerywithMultipleThreads.executeQuery(ExecuteQuerywithMultipleThreads.java:76)
	at java.util.concurrent.FutureTask.run(FutureTask.java:266)
	at java.util.concurrent.Executors$RunnableAdapter.call(Executors.java:511)
	at java.util.concurrent.FutureTask.run(FutureTask.java:266)
	at java.util.concurrent.ThreadPoolExecutor.runWorker(ThreadPoolExecutor.java:1142)
	at java.util.concurrent.ThreadPoolExecutor$Worker.run(ThreadPoolExecutor.java:617)
	at java.lang.Thread.run(Thread.java:745)
... Removed 12 stack frames</pre></div><a href='#' onClick='toggleBox("stack-trace1623255704", this, "Click to show all stack frames", "Click to hide stack frames")'>Click to show all stack frames</a>
<div class='stack-trace' id='stack-trace1623255704'><pre>java.lang.AssertionError: Query is NOT executed successfully on upgradedevqe expected [true] but found [false]
	at org.testng.Assert.fail(Assert.java:94)
	at org.testng.Assert.failNotEquals(Assert.java:513)
	at org.testng.Assert.assertTrue(Assert.java:42)
	at com.ashnav.pipeline.orderstate.ExecuteQuerywithMultipleThreads.executeQuery(ExecuteQuerywithMultipleThreads.java:76)
	at sun.reflect.NativeMethodAccessorImpl.invoke0(Native Method)
	at sun.reflect.NativeMethodAccessorImpl.invoke(NativeMethodAccessorImpl.java:62)
	at sun.reflect.DelegatingMethodAccessorImpl.invoke(DelegatingMethodAccessorImpl.java:43)
	at java.lang.reflect.Method.invoke(Method.java:498)
	at org.testng.internal.MethodInvocationHelper.invokeMethod(MethodInvocationHelper.java:104)
	at org.testng.internal.Invoker.invokeMethod(Invoker.java:645)
	at org.testng.internal.Invoker.invokeTestMethod(Invoker.java:851)
	at org.testng.internal.TestMethodWithDataProviderMethodWorker.call(TestMethodWithDataProviderMethodWorker.java:75)
	at org.testng.internal.TestMethodWithDataProviderMethodWorker.call(TestMethodWithDataProviderMethodWorker.java:14)
	at java.util.concurrent.FutureTask.run(FutureTask.java:266)
	at java.util.concurrent.Executors$RunnableAdapter.call(Executors.java:511)
	at java.util.concurrent.FutureTask.run(FutureTask.java:266)
	at java.util.concurrent.ThreadPoolExecutor.runWorker(ThreadPoolExecutor.java:1142)
	at java.util.concurrent.ThreadPoolExecutor$Worker.run(ThreadPoolExecutor.java:617)
	at java.lang.Thread.run(Thread.java:745)
</pre></div></td>
<td>60</td>
<td>com.ashnav.pipeline.orderstate.ExecuteQuerywithMultipleThreads@5af3afd9</td></tr>
<tr>
<td title='com.ashnav.pipeline.orderstate.ExecuteQuerywithMultipleThreads.executeQuery()'><b>executeQuery</b><br>Test class: com.ashnav.pipeline.orderstate.ExecuteQuerywithMultipleThreads<br>Parameters: scmqe, TRUE, mysql-$#$#-rw.scmqe.internal, environment, 54.255.251.151, ashnavsaxena, 3312, query.sql, TRUE, EnviRonP%64IojktS#nt, ashnav1309<br/>
<a href="#Output-694189965" onClick='toggleBox("Output-694189965", this, "Show output", "Hide output");'>Show output</a>

<a href="#Output-694189965" onClick="toggleAllBoxes();">Show all outputs</a>
<div class='log' id="Output-694189965">
Query is executed successfully on scmqe?: false<br/>
</div>
</td>
<td><div><pre>java.lang.AssertionError: Query is NOT executed successfully on scmqe expected [true] but found [false]
	at com.ashnav.pipeline.orderstate.ExecuteQuerywithMultipleThreads.executeQuery(ExecuteQuerywithMultipleThreads.java:76)
	at java.util.concurrent.FutureTask.run(FutureTask.java:266)
	at java.util.concurrent.Executors$RunnableAdapter.call(Executors.java:511)
	at java.util.concurrent.FutureTask.run(FutureTask.java:266)
	at java.util.concurrent.ThreadPoolExecutor.runWorker(ThreadPoolExecutor.java:1142)
	at java.util.concurrent.ThreadPoolExecutor$Worker.run(ThreadPoolExecutor.java:617)
	at java.lang.Thread.run(Thread.java:745)
... Removed 12 stack frames</pre></div><a href='#' onClick='toggleBox("stack-trace694189965", this, "Click to show all stack frames", "Click to hide stack frames")'>Click to show all stack frames</a>
<div class='stack-trace' id='stack-trace694189965'><pre>java.lang.AssertionError: Query is NOT executed successfully on scmqe expected [true] but found [false]
	at org.testng.Assert.fail(Assert.java:94)
	at org.testng.Assert.failNotEquals(Assert.java:513)
	at org.testng.Assert.assertTrue(Assert.java:42)
	at com.ashnav.pipeline.orderstate.ExecuteQuerywithMultipleThreads.executeQuery(ExecuteQuerywithMultipleThreads.java:76)
	at sun.reflect.NativeMethodAccessorImpl.invoke0(Native Method)
	at sun.reflect.NativeMethodAccessorImpl.invoke(NativeMethodAccessorImpl.java:62)
	at sun.reflect.DelegatingMethodAccessorImpl.invoke(DelegatingMethodAccessorImpl.java:43)
	at java.lang.reflect.Method.invoke(Method.java:498)
	at org.testng.internal.MethodInvocationHelper.invokeMethod(MethodInvocationHelper.java:104)
	at org.testng.internal.Invoker.invokeMethod(Invoker.java:645)
	at org.testng.internal.Invoker.invokeTestMethod(Invoker.java:851)
	at org.testng.internal.TestMethodWithDataProviderMethodWorker.call(TestMethodWithDataProviderMethodWorker.java:75)
	at org.testng.internal.TestMethodWithDataProviderMethodWorker.call(TestMethodWithDataProviderMethodWorker.java:14)
	at java.util.concurrent.FutureTask.run(FutureTask.java:266)
	at java.util.concurrent.Executors$RunnableAdapter.call(Executors.java:511)
	at java.util.concurrent.FutureTask.run(FutureTask.java:266)
	at java.util.concurrent.ThreadPoolExecutor.runWorker(ThreadPoolExecutor.java:1142)
	at java.util.concurrent.ThreadPoolExecutor$Worker.run(ThreadPoolExecutor.java:617)
	at java.lang.Thread.run(Thread.java:745)
</pre></div></td>
<td>60</td>
<td>com.ashnav.pipeline.orderstate.ExecuteQuerywithMultipleThreads@5af3afd9</td></tr>
<tr>
<td title='com.ashnav.pipeline.orderstate.ExecuteQuerywithMultipleThreads.executeQuery()'><b>executeQuery</b><br>Test class: com.ashnav.pipeline.orderstate.ExecuteQuerywithMultipleThreads<br>Parameters: webqe, TRUE, mysql-$#$#-rw.webqe.internal, environment, 54.255.251.204, ashnavsaxena, 3313, query.sql, TRUE, EnviRonP%64IojktS#nt, ashnav1309<br/>
<a href="#Output-1480067819" onClick='toggleBox("Output-1480067819", this, "Show output", "Hide output");'>Show output</a>

<a href="#Output-1480067819" onClick="toggleAllBoxes();">Show all outputs</a>
<div class='log' id="Output-1480067819">
Query is executed successfully on webqe?: false<br/>
</div>
</td>
<td><div><pre>java.lang.AssertionError: Query is NOT executed successfully on webqe expected [true] but found [false]
	at com.ashnav.pipeline.orderstate.ExecuteQuerywithMultipleThreads.executeQuery(ExecuteQuerywithMultipleThreads.java:76)
	at java.util.concurrent.FutureTask.run(FutureTask.java:266)
	at java.util.concurrent.Executors$RunnableAdapter.call(Executors.java:511)
	at java.util.concurrent.FutureTask.run(FutureTask.java:266)
	at java.util.concurrent.ThreadPoolExecutor.runWorker(ThreadPoolExecutor.java:1142)
	at java.util.concurrent.ThreadPoolExecutor$Worker.run(ThreadPoolExecutor.java:617)
	at java.lang.Thread.run(Thread.java:745)
... Removed 12 stack frames</pre></div><a href='#' onClick='toggleBox("stack-trace1480067819", this, "Click to show all stack frames", "Click to hide stack frames")'>Click to show all stack frames</a>
<div class='stack-trace' id='stack-trace1480067819'><pre>java.lang.AssertionError: Query is NOT executed successfully on webqe expected [true] but found [false]
	at org.testng.Assert.fail(Assert.java:94)
	at org.testng.Assert.failNotEquals(Assert.java:513)
	at org.testng.Assert.assertTrue(Assert.java:42)
	at com.ashnav.pipeline.orderstate.ExecuteQuerywithMultipleThreads.executeQuery(ExecuteQuerywithMultipleThreads.java:76)
	at sun.reflect.NativeMethodAccessorImpl.invoke0(Native Method)
	at sun.reflect.NativeMethodAccessorImpl.invoke(NativeMethodAccessorImpl.java:62)
	at sun.reflect.DelegatingMethodAccessorImpl.invoke(DelegatingMethodAccessorImpl.java:43)
	at java.lang.reflect.Method.invoke(Method.java:498)
	at org.testng.internal.MethodInvocationHelper.invokeMethod(MethodInvocationHelper.java:104)
	at org.testng.internal.Invoker.invokeMethod(Invoker.java:645)
	at org.testng.internal.Invoker.invokeTestMethod(Invoker.java:851)
	at org.testng.internal.TestMethodWithDataProviderMethodWorker.call(TestMethodWithDataProviderMethodWorker.java:75)
	at org.testng.internal.TestMethodWithDataProviderMethodWorker.call(TestMethodWithDataProviderMethodWorker.java:14)
	at java.util.concurrent.FutureTask.run(FutureTask.java:266)
	at java.util.concurrent.Executors$RunnableAdapter.call(Executors.java:511)
	at java.util.concurrent.FutureTask.run(FutureTask.java:266)
	at java.util.concurrent.ThreadPoolExecutor.runWorker(ThreadPoolExecutor.java:1142)
	at java.util.concurrent.ThreadPoolExecutor$Worker.run(ThreadPoolExecutor.java:617)
	at java.lang.Thread.run(Thread.java:745)
</pre></div></td>
<td>60</td>
<td>com.ashnav.pipeline.orderstate.ExecuteQuerywithMultipleThreads@5af3afd9</td></tr>
</table><p>
</body>
</html>